<?xml version="1.0" encoding="UTF-8"?>
<!-- Generated by org.testng.reporters.JUnitReportReporter -->
<testsuite hostname="QT-INBG-LT0402" failures="0" tests="1" name="mobileworld.HomePage" time="14.727" errors="0" timestamp="2022-08-02T12:15:49 IST" skipped="0">
  <testcase classname="mobileworld.HomePage" name="homePage" time="14.727"/>
  <system-out/>
</testsuite> <!-- mobileworld.HomePage -->
