<?xml version="1.0" encoding="UTF-8"?>
<!-- Generated by org.testng.reporters.JUnitReportReporter -->
<testsuite hostname="QT-INBG-LT0402" failures="0" tests="1" name="mobileworld.SignIn" time="15.753" errors="0" timestamp="2022-08-02T15:27:53 IST" skipped="0">
  <testcase classname="mobileworld.SignIn" name="signIn" time="15.753"/>
  <system-out/>
</testsuite> <!-- mobileworld.SignIn -->
