<?xml version="1.0" encoding="UTF-8"?>
<!-- Generated by org.testng.reporters.JUnitReportReporter -->
<testsuite hostname="QT-INBG-LT0402" failures="0" tests="2" name="mobileworld.HomePage" time="49.007" errors="0" timestamp="2022-08-02T23:43:57 IST" skipped="0">
  <testcase classname="mobileworld.HomePage" name="homePage" time="32.528"/>
  <system-out/>
  <testcase classname="mobileworld.HomePage" name="homePage" time="16.479"/>
  <system-out/>
</testsuite> <!-- mobileworld.HomePage -->
