<?xml version="1.0" encoding="UTF-8"?>
<!-- Generated by org.testng.reporters.JUnitReportReporter -->
<testsuite hostname="QT-INBG-LT0402" failures="0" tests="2" name="mobileworld.SignIn" time="22.935" errors="0" timestamp="2022-08-02T19:02:28 IST" skipped="0">
  <testcase classname="mobileworld.SignIn" name="signIn" time="14.681"/>
  <system-out/>
  <testcase classname="mobileworld.SignIn" name="signIn" time="8.254"/>
  <system-out/>
</testsuite> <!-- mobileworld.SignIn -->
