<?xml version="1.0" encoding="UTF-8"?>
<!-- Generated by org.testng.reporters.JUnitReportReporter -->
<testsuite hostname="QT-INBG-LT0402" failures="0" tests="3" name="mobileworld.SignIn" time="30.400" errors="0" timestamp="2022-08-03T09:50:50 IST" skipped="0">
  <testcase classname="mobileworld.SignIn" name="signIn" time="7.634"/>
  <system-out/>
  <testcase classname="mobileworld.SignIn" name="signIn" time="7.610"/>
  <system-out/>
  <testcase classname="mobileworld.SignIn" name="signIn" time="15.156"/>
  <system-out/>
</testsuite> <!-- mobileworld.SignIn -->
