<?xml version="1.0" encoding="UTF-8"?>
<!-- Generated by org.testng.reporters.JUnitReportReporter -->
<testsuite hostname="QT-INBG-LT0402" failures="0" tests="2" name="mobileworld.ContactUs" time="30.062" errors="0" timestamp="2022-08-03T09:50:50 IST" skipped="0">
  <testcase classname="mobileworld.ContactUs" name="contactus" time="17.530"/>
  <system-out/>
  <testcase classname="mobileworld.ContactUs" name="contactus" time="12.532"/>
  <system-out/>
</testsuite> <!-- mobileworld.ContactUs -->
