<?xml version="1.0" encoding="UTF-8"?>
<!-- Generated by org.testng.reporters.JUnitReportReporter -->
<testsuite hostname="QT-INBG-LT0402" failures="0" tests="2" name="mobileworld.HomePage" time="29.849" errors="0" timestamp="2022-08-03T10:02:51 IST" skipped="0">
  <testcase classname="mobileworld.HomePage" name="homePage" time="13.750"/>
  <system-out/>
  <testcase classname="mobileworld.HomePage" name="homePage" time="16.099"/>
  <system-out/>
</testsuite> <!-- mobileworld.HomePage -->
