<?xml version="1.0" encoding="UTF-8"?>
<!-- Generated by org.testng.reporters.JUnitReportReporter -->
<testsuite hostname="QT-INBG-LT0402" failures="0" tests="1" name="mobileworld.ContactUs" time="15.612" errors="0" timestamp="2022-08-02T15:27:53 IST" skipped="0">
  <testcase classname="mobileworld.ContactUs" name="contactus" time="15.612"/>
  <system-out/>
</testsuite> <!-- mobileworld.ContactUs -->
