<?xml version="1.0" encoding="UTF-8"?>
<!-- Generated by org.testng.reporters.JUnitReportReporter -->
<testsuite hostname="QT-INBG-LT0402" failures="0" tests="3" name="mobileworld.SignUp" time="55.945" errors="0" timestamp="2022-08-02T23:43:57 IST" skipped="0">
  <testcase classname="mobileworld.SignUp" name="signUp" time="25.488"/>
  <system-out/>
  <testcase classname="mobileworld.SignUp" name="signUp" time="13.850"/>
  <system-out/>
  <testcase classname="mobileworld.SignUp" name="signUp" time="16.607"/>
  <system-out/>
</testsuite> <!-- mobileworld.SignUp -->
