<?xml version="1.0" encoding="UTF-8"?>
<!-- Generated by org.testng.reporters.JUnitReportReporter -->
<testsuite hostname="QT-INBG-LT0402" failures="0" tests="3" name="mobileworld.SignIn" time="21.338" errors="0" timestamp="2022-08-03T09:18:16 IST" skipped="0">
  <testcase classname="mobileworld.SignIn" name="signIn" time="5.060"/>
  <system-out/>
  <testcase classname="mobileworld.SignIn" name="signIn" time="4.788"/>
  <system-out/>
  <testcase classname="mobileworld.SignIn" name="signIn" time="11.490"/>
  <system-out/>
</testsuite> <!-- mobileworld.SignIn -->
