<?xml version="1.0" encoding="UTF-8"?>
<!-- Generated by org.testng.reporters.JUnitReportReporter -->
<testsuite hostname="QT-INBG-LT0402" failures="0" tests="1" name="mobileworld.SignUp" time="20.377" errors="0" timestamp="2022-08-02T15:27:53 IST" skipped="0">
  <testcase classname="mobileworld.SignUp" name="signUp" time="20.377"/>
  <system-out/>
</testsuite> <!-- mobileworld.SignUp -->
