<?xml version="1.0" encoding="UTF-8"?>
<!-- Generated by org.testng.reporters.JUnitReportReporter -->
<testsuite hostname="QT-INBG-LT0402" failures="0" tests="3" name="mobileworld.SignUp" time="37.242" errors="0" timestamp="2022-08-03T10:49:08 IST" skipped="0">
  <testcase classname="mobileworld.SignUp" name="signUp" time="11.778"/>
  <system-out/>
  <testcase classname="mobileworld.SignUp" name="signUp" time="11.377"/>
  <system-out/>
  <testcase classname="mobileworld.SignUp" name="signUp" time="14.087"/>
  <system-out/>
</testsuite> <!-- mobileworld.SignUp -->
