<?xml version="1.0" encoding="UTF-8"?>
<!-- Generated by org.testng.reporters.JUnitReportReporter -->
<testsuite hostname="QT-INBG-LT0402" failures="0" tests="1" name="dataProvider.DP001" time="0.011" errors="0" timestamp="2022-08-02T18:14:44 IST" skipped="0">
  <testcase classname="dataProvider.DP001" name="getData" time="0.011"/>
  <system-out/>
</testsuite> <!-- dataProvider.DP001 -->
