<?xml version="1.0" encoding="UTF-8"?>
<!-- Generated by org.testng.reporters.JUnitReportReporter -->
<testsuite hostname="QT-INBG-LT0402" failures="0" tests="1" name="dataProvider.DP" time="0.021" errors="0" timestamp="2022-08-02T22:33:38 IST" skipped="0">
  <testcase classname="dataProvider.DP" name="getData" time="0.021"/>
  <system-out/>
</testsuite> <!-- dataProvider.DP -->
