<?xml version="1.0" encoding="UTF-8"?>
<!-- Generated by org.testng.reporters.JUnitReportReporter -->
<testsuite hostname="QT-INBG-LT0402" failures="0" tests="2" name="mobileworld.ContactUs" time="31.988" errors="0" timestamp="2022-08-02T23:43:57 IST" skipped="0">
  <testcase classname="mobileworld.ContactUs" name="contactus" time="17.414"/>
  <system-out/>
  <testcase classname="mobileworld.ContactUs" name="contactus" time="14.574"/>
  <system-out/>
</testsuite> <!-- mobileworld.ContactUs -->
